# JRE version: OpenJDK Runtime Environment Microsoft-7208460 (11.0.18+10) (build 11.0.18+10-LTS)
# Java VM: OpenJDK 64-Bit Server VM Microsoft-7208460 (11.0.18+10-LTS, mixed mode, tiered, compressed oops, g1 gc, windows-amd64)
Heap:
 garbage-first heap   total 120832K, used 48786K [0x0000000080000000, 0x0000000100000000)
  region size 1024K, 32 young (32768K), 1 survivors (1024K)
 Metaspace       used 23792K, capacity 24373K, committed 24752K, reserved 538624K
  class space    used 2966K, capacity 3205K, committed 3328K, reserved 516096K
GC Heap History (6 events):
Event: 5.584 GC heap before
{Heap before GC invocations=0 (full 0):
 garbage-first heap   total 120832K, used 27648K [0x0000000080000000, 0x0000000100000000)
  region size 1024K, 24 young (24576K), 0 survivors (0K)
 Metaspace       used 10123K, capacity 10390K, committed 10624K, reserved 526336K
  class space    used 1030K, capacity 1107K, committed 1152K, reserved 516096K
}
Event: 5.602 GC heap after
{Heap after GC invocations=1 (full 0):
 garbage-first heap   total 120832K, used 10549K [0x0000000080000000, 0x0000000100000000)
  region size 1024K, 3 young (3072K), 3 survivors (3072K)
 Metaspace       used 10123K, capacity 10390K, committed 10624K, reserved 526336K
  class space    used 1030K, capacity 1107K, committed 1152K, reserved 516096K
}
Event: 13.368 GC heap before
{Heap before GC invocations=1 (full 0):
 garbage-first heap   total 120832K, used 79157K [0x0000000080000000, 0x0000000100000000)
  region size 1024K, 70 young (71680K), 3 survivors (3072K)
 Metaspace       used 17543K, capacity 17909K, committed 18048K, reserved 532480K
  class space    used 2016K, capacity 2146K, committed 2176K, reserved 516096K
}
Event: 13.385 GC heap after
{Heap after GC invocations=2 (full 0):
 garbage-first heap   total 120832K, used 17558K [0x0000000080000000, 0x0000000100000000)
  region size 1024K, 9 young (9216K), 9 survivors (9216K)
 Metaspace       used 17543K, capacity 17909K, committed 18048K, reserved 532480K
  class space    used 2016K, capacity 2146K, committed 2176K, reserved 516096K
}
Event: 14.621 GC heap before
{Heap before GC invocations=2 (full 0):
 garbage-first heap   total 120832K, used 39062K [0x0000000080000000, 0x0000000100000000)
  region size 1024K, 32 young (32768K), 9 survivors (9216K)
 Metaspace       used 20751K, capacity 21156K, committed 21296K, reserved 536576K
  class space    used 2477K, capacity 2620K, committed 2688K, reserved 516096K
}
Event: 14.630 GC heap after
{Heap after GC invocations=3 (full 0):
 garbage-first heap   total 120832K, used 18066K [0x0000000080000000, 0x0000000100000000)
  region size 1024K, 1 young (1024K), 1 survivors (1024K)
 Metaspace       used 20751K, capacity 21156K, committed 21296K, reserved 536576K
  class space    used 2477K, capacity 2620K, committed 2688K, reserved 516096K
}

